<?xml version='1.0' encoding='UTF-8' ?>
<testsuites tests="12" failures="0" errors="0" skipped="0" time="0.000" timestamp="2026-09-26T16:31:35" hostname="localhost">
  <testsuite name="com.telegramyou.app.SmokeTest" tests="12" failures="0" errors="0" skipped="0" time="420.194" timestamp="2026-09-26T16:31:35" hostname="localhost">
    <properties>
      <property name="device" value="emulator-5554" />
    </properties>
    <testcase name="checkingForUpdatesComesBackWithAnAnswer" classname="com.telegramyou.app.SmokeTest" time="29.507" />
    <testcase name="theOverflowMenuOpensSavedMessagesAndProxies" classname="com.telegramyou.app.SmokeTest" time="32.983" />
    <testcase name="aTabletSizedWindowGetsARail" classname="com.telegramyou.app.SmokeTest" time="54.732" />
    <testcase name="theAttachmentSheetOpens" classname="com.telegramyou.app.SmokeTest" time="22.087" />
    <testcase name="theProfileEditsAndSharesItself" classname="com.telegramyou.app.SmokeTest" time="24.530" />
    <testcase name="aGroupHeaderShowsItsMembers" classname="com.telegramyou.app.SmokeTest" time="16.500" />
    <testcase name="aMessageIsNotifiedOnceAfterTurningTheScreen" classname="com.telegramyou.app.SmokeTest" time="25.218" />
    <testcase name="aGroupIsMadeAndALinkIsJoined" classname="com.telegramyou.app.SmokeTest" time="33.871" />
    <testcase name="repliesFromTheNotificationShade" classname="com.telegramyou.app.SmokeTest" time="32.480" />
    <testcase name="openingAndClosingAChatIsTimed" classname="com.telegramyou.app.SmokeTest" time="46.567" />
    <testcase name="aPollIsWrittenAndAMessageScheduled" classname="com.telegramyou.app.SmokeTest" time="48.262" />
    <testcase name="formattingForwardsAndPins" classname="com.telegramyou.app.SmokeTest" time="53.457" />
  </testsuite>
</testsuites>
