<?xml version='1.0' encoding='UTF-8' ?>
<testsuites tests="1" failures="0" errors="0" skipped="0" time="0.000" timestamp="2026-09-25T08:27:40" hostname="localhost">
  <testsuite name="com.telegramyou.app.LiveClientTest" tests="1" failures="0" errors="0" skipped="0" time="5.171" timestamp="2026-09-25T08:27:40" hostname="localhost">
    <properties>
      <property name="device" value="emulator-5554" />
    </properties>
    <testcase name="tdlibStartsAndAsksForAPhoneNumber" classname="com.telegramyou.app.LiveClientTest" time="5.171" />
  </testsuite>
</testsuites>
