<?xml version='1.0' encoding='UTF-8' ?>
<testsuites tests="10" failures="0" errors="0" skipped="0" time="0.000" timestamp="2026-09-26T16:28:53" hostname="localhost">
  <testsuite name="com.telegramyou.app.SmokeTest" tests="10" failures="0" errors="0" skipped="0" time="265.704" timestamp="2026-09-26T16:28:53" hostname="localhost">
    <properties>
      <property name="device" value="emulator-5554" />
    </properties>
    <testcase name="gifsAndVideoMessagesPlayInPlace" classname="com.telegramyou.app.SmokeTest" time="30.058" />
    <testcase name="signsInWithALoginEmail" classname="com.telegramyou.app.SmokeTest" time="40.304" />
    <testcase name="searchFindsChatsAndPublicPosts" classname="com.telegramyou.app.SmokeTest" time="24.364" />
    <testcase name="signsInWithTheDemoCodeAndReachesTheChatList" classname="com.telegramyou.app.SmokeTest" time="24.228" />
    <testcase name="aStoryOpensAndStaysOpen" classname="com.telegramyou.app.SmokeTest" time="18.716" />
    <testcase name="privacyRulesChangeAndTextSizeIsOffered" classname="com.telegramyou.app.SmokeTest" time="19.042" />
    <testcase name="aPollIsAnsweredAndABotAnswersItsButtons" classname="com.telegramyou.app.SmokeTest" time="35.683" />
    <testcase name="devicesAndStorageFromSettings" classname="com.telegramyou.app.SmokeTest" time="28.612" />
    <testcase name="theHeaderScrollsAwayAndBack" classname="com.telegramyou.app.SmokeTest" time="20.493" />
    <testcase name="aVideoMessagePlays" classname="com.telegramyou.app.SmokeTest" time="24.204" />
  </testsuite>
</testsuites>
