<?xml version='1.0' encoding='UTF-8' ?>
<testsuites tests="7" failures="0" errors="0" skipped="0" time="0.000" timestamp="2026-09-19T12:42:17" hostname="localhost">
  <testsuite name="com.telegramyou.app.SmokeTest" tests="7" failures="0" errors="0" skipped="0" time="89.232" timestamp="2026-09-19T12:42:17" hostname="localhost">
    <properties>
      <property name="device" value="emulator-5554" />
    </properties>
    <testcase name="aTabletSizedWindowGetsARail" classname="com.telegramyou.app.SmokeTest" time="15.563" />
    <testcase name="theAttachmentSheetOpens" classname="com.telegramyou.app.SmokeTest" time="12.033" />
    <testcase name="signsInWithTheDemoCodeAndReachesTheChatList" classname="com.telegramyou.app.SmokeTest" time="14.185" />
    <testcase name="aGroupHeaderShowsItsMembers" classname="com.telegramyou.app.SmokeTest" time="7.080" />
    <testcase name="theChatHeaderOpensInfo" classname="com.telegramyou.app.SmokeTest" time="8.917" />
    <testcase name="repliesFromTheNotificationShade" classname="com.telegramyou.app.SmokeTest" time="16.152" />
    <testcase name="folderTabsFilterTheChatList" classname="com.telegramyou.app.SmokeTest" time="15.302" />
  </testsuite>
</testsuites>
