<?xml version='1.0' encoding='UTF-8' ?>
<testsuites tests="5" failures="0" errors="0" skipped="0" time="0.000" timestamp="2026-09-26T16:27:22" hostname="localhost">
  <testsuite name="com.telegramyou.app.SmokeTest" tests="5" failures="0" errors="0" skipped="0" time="164.875" timestamp="2026-09-26T16:27:22" hostname="localhost">
    <properties>
      <property name="device" value="emulator-5554" />
    </properties>
    <testcase name="signsInWithAQrCode" classname="com.telegramyou.app.SmokeTest" time="51.680" />
    <testcase name="theChatHeaderOpensInfo" classname="com.telegramyou.app.SmokeTest" time="21.339" />
    <testcase name="anOldSearchHitOpensWhereItIs" classname="com.telegramyou.app.SmokeTest" time="23.408" />
    <testcase name="forGeeksSwitchesReachTheChat" classname="com.telegramyou.app.SmokeTest" time="36.746" />
    <testcase name="folderTabsFilterTheChatList" classname="com.telegramyou.app.SmokeTest" time="31.702" />
  </testsuite>
</testsuites>
